2020-11-04 15:55:40,055 INFO  [main] o.s.b.StartupInfoLogger: Starting DemoApplication on 11-51 with PID 3064 (F:\KWork\book_api1029\unkown\build\classes\java\main started by 组织 in F:\KWork\book_api1029)
2020-11-04 15:55:40,056 INFO  [main] o.s.b.SpringApplication: No active profile set, falling back to default profiles: default
2020-11-04 15:55:41,459 INFO  [main] o.s.b.w.e.t.TomcatWebServer: Tomcat initialized with port(s): 9088 (http)
2020-11-04 15:55:41,477 INFO  [main] o.a.j.l.DirectJDKLog: Initializing ProtocolHandler ["http-nio-9088"]
2020-11-04 15:55:41,490 INFO  [main] o.a.j.l.DirectJDKLog: Starting service [Tomcat]
2020-11-04 15:55:41,490 INFO  [main] o.a.j.l.DirectJDKLog: Starting Servlet engine: [Apache Tomcat/9.0.21]
2020-11-04 15:55:41,499 INFO  [main] o.a.j.l.DirectJDKLog: Loaded APR based Apache Tomcat Native library [1.2.23] using APR version [1.7.0].
2020-11-04 15:55:41,499 INFO  [main] o.a.j.l.DirectJDKLog: APR capabilities: IPv6 [true], sendfile [true], accept filters [false], random [true].
2020-11-04 15:55:41,499 INFO  [main] o.a.j.l.DirectJDKLog: APR/OpenSSL configuration: useAprConnector [false], useOpenSSL [true]
2020-11-04 15:55:41,516 INFO  [main] o.a.j.l.DirectJDKLog: OpenSSL successfully initialized [OpenSSL 1.1.1c  28 May 2019]
2020-11-04 15:55:41,711 INFO  [main] o.a.j.l.DirectJDKLog: Initializing Spring embedded WebApplicationContext
2020-11-04 15:55:41,711 INFO  [main] o.s.b.w.s.c.ServletWebServerApplicationContext: Root WebApplicationContext: initialization completed in 1520 ms
2020-11-04 15:55:42,449 INFO  [main] o.s.s.c.ExecutorConfigurationSupport: Initializing ExecutorService 'applicationTaskExecutor'
2020-11-04 15:55:42,670 INFO  [main] o.a.j.l.DirectJDKLog: Starting ProtocolHandler ["http-nio-9088"]
2020-11-04 15:55:42,694 INFO  [main] o.s.b.w.e.t.TomcatWebServer: Tomcat started on port(s): 9088 (http) with context path ''
2020-11-04 15:55:42,697 INFO  [main] o.s.b.StartupInfoLogger: Started DemoApplication in 3.022 seconds (JVM running for 4.858)
2020-11-04 15:55:46,852 INFO  [http-nio-9088-exec-2] o.a.j.l.DirectJDKLog: Initializing Spring DispatcherServlet 'dispatcherServlet'
2020-11-04 15:55:46,852 INFO  [http-nio-9088-exec-2] o.s.w.s.FrameworkServlet: Initializing Servlet 'dispatcherServlet'
2020-11-04 15:55:46,860 INFO  [http-nio-9088-exec-2] o.s.w.s.FrameworkServlet: Completed initialization in 8 ms
2020-11-04 15:55:47,082 INFO  [http-nio-9088-exec-2] c.z.h.HikariDataSource: HikariPool-1 - Starting...
2020-11-04 15:55:48,096 INFO  [http-nio-9088-exec-2] c.z.h.HikariDataSource: HikariPool-1 - Start completed.
